<?xml version="1.0" encoding="UTF-8"?>
<!-- Generated by org.testng.reporters.JUnitXMLReporter -->
<testsuite ignored="0" hostname="DESKTOP-2I0BQ67" failures="0" tests="8" name="Create user Tests" time="712.17" errors="0" timestamp="23 May 2019 21:15:18 GMT">
  <testcase classname="TestCases.CreateUserTest" name="A_Verify_org_user_login_functionality_with_all_permission_and_create_new_customize_create_user_types" time="197.824"/>
  <testcase classname="TestCases.CreateUserTest" name="B_Verify_org_user_login_functionality_with_all_permission_and_existing_User_Types" time="75.882"/>
  <testcase classname="TestCases.CreateUserTest" name="Verify_validation_message_without_select_Organization_location_and_user_abilities" time="16.063"/>
  <testcase classname="TestCases.CreateUserTest" name="Verify_validation_message_without_select_Organization_location" time="56.603"/>
  <testcase classname="TestCases.CreateUserTest" name="Verify_validation_message_without_select_User_Abilities" time="35.389"/>
  <testcase classname="TestCases.CreateUserTest" name="Verify_the_mandatory_fields_popup_on_select_users_section" time="39.03"/>
  <testcase classname="TestCases.CreateUserTest" name="Verify_org_user_login_functionality_with_submit_a_report_permission" time="139.235"/>
  <testcase classname="TestCases.CreateUserTest" name="Verify_org_user_login_functionality_with_receive_intel_permission" time="141.405"/>
</testsuite> <!-- Create user Tests -->
