<?xml version="1.0" encoding="UTF-8"?>
<!-- Generated by org.testng.reporters.JUnitXMLReporter -->
<testsuite ignored="0" hostname="DESKTOP-2I0BQ67" failures="0" tests="13" name="Login Test" time="177.291" errors="0" timestamp="23 May 2019 21:03:26 GMT">
  <testcase classname="TestCases.LoginTest" name="Verify_login_page_title" time="0.533"/>
  <testcase classname="TestCases.LoginTest" name="Verify_login_page_url" time="3.523"/>
  <testcase classname="TestCases.LoginTest" name="Verify_login_page_ui_fields" time="0.456"/>
  <testcase classname="TestCases.LoginTest" name="Verify_validation_message_with_valid_emailAddress_and_empty_password_field" time="7.845"/>
  <testcase classname="TestCases.LoginTest" name="Verify_validation_message_with_valid_password_and_empty_emailAddress_field" time="10.641"/>
  <testcase classname="TestCases.LoginTest" name="Verify_validation_message_with_empty_email_address_and_empty_password_field" time="12.321"/>
  <testcase classname="TestCases.LoginTest" name="Verify_validation_message_with_invalid_email_address_and_invalid_password_field" time="5.632"/>
  <testcase classname="TestCases.LoginTest" name="Verify_css_value_of_login_page_fields" time="10.885"/>
  <testcase classname="TestCases.LoginTest" name="Verify_forgot_password_link" time="18.684"/>
  <testcase classname="TestCases.LoginTest" name="Verify_termsOfService_link" time="12.783"/>
  <testcase classname="TestCases.LoginTest" name="Verify_login_functionality_with_valid_credentials_of_superAdmin" time="31.162"/>
  <testcase classname="TestCases.LoginTest" name="Verify_login_functionality_with_public_user" time="13.278"/>
  <testcase classname="TestCases.LoginTest" name="Verify_submitRequest_link" time="36.845"/>
</testsuite> <!-- Login Test -->
