# JRE version: Java(TM) SE Runtime Environment (10.0.1+10) (build 10.0.1+10)
# Java VM: Java HotSpot(TM) 64-Bit Server VM (10.0.1+10, mixed mode, tiered, compressed oops, g1 gc, windows-amd64)
Heap:
 garbage-first heap   total 131072K, used 19393K [0x0000000081400000, 0x0000000100000000)
  region size 1024K, 11 young (11264K), 2 survivors (2048K)
 Metaspace       used 24856K, capacity 25459K, committed 25776K, reserved 1073152K
  class space    used 2739K, capacity 2970K, committed 2992K, reserved 1048576K
GC Heap History (8 events):
Event: 1.210 GC heap before
{Heap before GC invocations=0 (full 0):
 garbage-first heap   total 131072K, used 15360K [0x0000000081400000, 0x0000000100000000)
  region size 1024K, 14 young (14336K), 0 survivors (0K)
 Metaspace       used 9360K, capacity 9502K, committed 9728K, reserved 1058816K
  class space    used 950K, capacity 1024K, committed 1024K, reserved 1048576K
}
Event: 1.215 GC heap after
{Heap after GC invocations=1 (full 0):
 garbage-first heap   total 131072K, used 6184K [0x0000000081400000, 0x0000000100000000)
  region size 1024K, 2 young (2048K), 2 survivors (2048K)
 Metaspace       used 9360K, capacity 9502K, committed 9728K, reserved 1058816K
  class space    used 950K, capacity 1024K, committed 1024K, reserved 1048576K
}
Event: 1.547 GC heap before
{Heap before GC invocations=1 (full 0):
 garbage-first heap   total 131072K, used 15400K [0x0000000081400000, 0x0000000100000000)
  region size 1024K, 11 young (11264K), 2 survivors (2048K)
 Metaspace       used 12354K, capacity 12489K, committed 12672K, reserved 1060864K
  class space    used 1303K, capacity 1357K, committed 1408K, reserved 1048576K
}
Event: 1.551 GC heap after
{Heap after GC invocations=2 (full 0):
 garbage-first heap   total 131072K, used 6869K [0x0000000081400000, 0x0000000100000000)
  region size 1024K, 1 young (1024K), 1 survivors (1024K)
 Metaspace       used 12354K, capacity 12489K, committed 12672K, reserved 1060864K
  class space    used 1303K, capacity 1357K, committed 1408K, reserved 1048576K
}
Event: 2.903 GC heap before
{Heap before GC invocations=2 (full 0):
 garbage-first heap   total 131072K, used 33493K [0x0000000081400000, 0x0000000100000000)
  region size 1024K, 28 young (28672K), 1 survivors (1024K)
 Metaspace       used 20637K, capacity 21126K, committed 21296K, reserved 1069056K
  class space    used 2343K, capacity 2566K, committed 2608K, reserved 1048576K
}
Event: 2.911 GC heap after
{Heap after GC invocations=3 (full 0):
 garbage-first heap   total 131072K, used 10288K [0x0000000081400000, 0x0000000100000000)
  region size 1024K, 4 young (4096K), 4 survivors (4096K)
 Metaspace       used 20637K, capacity 21126K, committed 21296K, reserved 1069056K
  class space    used 2343K, capacity 2566K, committed 2608K, reserved 1048576K
}
Event: 165.862 GC heap before
{Heap before GC invocations=4 (full 0):
 garbage-first heap   total 131072K, used 47152K [0x0000000081400000, 0x0000000100000000)
  region size 1024K, 40 young (40960K), 4 survivors (4096K)
 Metaspace       used 24390K, capacity 24961K, committed 25264K, reserved 1071104K
  class space    used 2715K, capacity 2934K, committed 2992K, reserved 1048576K
}
Event: 165.871 GC heap after
{Heap after GC invocations=5 (full 0):
 garbage-first heap   total 131072K, used 11201K [0x0000000081400000, 0x0000000100000000)
  region size 1024K, 2 young (2048K), 2 survivors (2048K)
 Metaspace       used 24390K, capacity 24961K, committed 25264K, reserved 1071104K
  class space    used 2715K, capacity 2934K, committed 2992K, reserved 1048576K
}

